[2025-12-22T08:49:38.946Z] ERROR: POST /api/admin/login - ::1
SyntaxError: Bad escaped character in JSON at position 9
    at JSON.parse (<anonymous>)
    at parse (D:\GameCart-1\backend\node_modules\body-parser\lib\types\json.js:92:19)
    at D:\GameCart-1\backend\node_modules\body-parser\lib\read.js:128:18
    at AsyncResource.runInAsyncScope (node:async_hooks:206:9)
    at invokeCallback (D:\GameCart-1\backend\node_modules\raw-body\index.js:238:16)
    at done (D:\GameCart-1\backend\node_modules\raw-body\index.js:227:7)
    at IncomingMessage.onEnd (D:\GameCart-1\backend\node_modules\raw-body\index.js:287:7)
    at IncomingMessage.emit (node:events:524:28)
    at endReadableNT (node:internal/streams/readable:1698:12)
    at process.processTicksAndRejections (node:internal/process/task_queues:82:21)
-----------------------------------
[2025-12-22T11:24:13.706Z] ERROR: POST /api/admin/login - ::ffff:127.0.0.1
SyntaxError: Expected property name or '}' in JSON at position 1
    at JSON.parse (<anonymous>)
    at parse (D:\GameCart-1\backend\node_modules\body-parser\lib\types\json.js:92:19)
    at D:\GameCart-1\backend\node_modules\body-parser\lib\read.js:128:18
    at AsyncResource.runInAsyncScope (node:async_hooks:206:9)
    at invokeCallback (D:\GameCart-1\backend\node_modules\raw-body\index.js:238:16)
    at done (D:\GameCart-1\backend\node_modules\raw-body\index.js:227:7)
    at IncomingMessage.onEnd (D:\GameCart-1\backend\node_modules\raw-body\index.js:287:7)
    at IncomingMessage.emit (node:events:524:28)
    at endReadableNT (node:internal/streams/readable:1698:12)
    at process.processTicksAndRejections (node:internal/process/task_queues:82:21)
-----------------------------------
[2025-12-22T11:24:47.219Z] ERROR: POST /api/admin/login - ::1
SyntaxError: Bad escaped character in JSON at position 9
    at JSON.parse (<anonymous>)
    at parse (D:\GameCart-1\backend\node_modules\body-parser\lib\types\json.js:92:19)
    at D:\GameCart-1\backend\node_modules\body-parser\lib\read.js:128:18
    at AsyncResource.runInAsyncScope (node:async_hooks:206:9)
    at invokeCallback (D:\GameCart-1\backend\node_modules\raw-body\index.js:238:16)
    at done (D:\GameCart-1\backend\node_modules\raw-body\index.js:227:7)
    at IncomingMessage.onEnd (D:\GameCart-1\backend\node_modules\raw-body\index.js:287:7)
    at IncomingMessage.emit (node:events:524:28)
    at endReadableNT (node:internal/streams/readable:1698:12)
    at process.processTicksAndRejections (node:internal/process/task_queues:82:21)
-----------------------------------
[2025-12-22T11:25:10.848Z] ERROR: POST /api/admin/login - ::1
SyntaxError: Expected property name or '}' in JSON at position 2
    at JSON.parse (<anonymous>)
    at parse (D:\GameCart-1\backend\node_modules\body-parser\lib\types\json.js:92:19)
    at D:\GameCart-1\backend\node_modules\body-parser\lib\read.js:128:18
    at AsyncResource.runInAsyncScope (node:async_hooks:206:9)
    at invokeCallback (D:\GameCart-1\backend\node_modules\raw-body\index.js:238:16)
    at done (D:\GameCart-1\backend\node_modules\raw-body\index.js:227:7)
    at IncomingMessage.onEnd (D:\GameCart-1\backend\node_modules\raw-body\index.js:287:7)
    at IncomingMessage.emit (node:events:524:28)
    at endReadableNT (node:internal/streams/readable:1698:12)
    at process.processTicksAndRejections (node:internal/process/task_queues:82:21)
-----------------------------------
